{"/home/NIX/drobot-n/Dev/BACKEND/MyShop/server/db.ts": {"path":"/home/NIX/drobot-n/Dev/BACKEND/MyShop/server/db.ts","statementMap":{"0":{"start":{"line":1,"column":0},"end":{"line":1,"column":38}},"1":{"start":{"line":3,"column":18},"end":{"line":7,"column":2}},"2":{"start":{"line":9,"column":0},"end":{"line":9,"column":25}}},"fnMap":{},"branchMap":{},"s":{"0":2,"1":2,"2":2},"f":{},"b":{}}
,"/home/NIX/drobot-n/Dev/BACKEND/MyShop/server/index.ts": {"path":"/home/NIX/drobot-n/Dev/BACKEND/MyShop/server/index.ts","statementMap":{"0":{"start":{"line":1,"column":0},"end":{"line":1,"column":47}},"1":{"start":{"line":2,"column":0},"end":{"line":2,"column":28}},"2":{"start":{"line":3,"column":0},"end":{"line":3,"column":29}},"3":{"start":{"line":4,"column":0},"end":{"line":4,"column":24}},"4":{"start":{"line":6,"column":0},"end":{"line":6,"column":31}},"5":{"start":{"line":7,"column":0},"end":{"line":7,"column":64}},"6":{"start":{"line":9,"column":0},"end":{"line":9,"column":16}},"7":{"start":{"line":11,"column":13},"end":{"line":11,"column":37}},"8":{"start":{"line":12,"column":13},"end":{"line":12,"column":42}},"9":{"start":{"line":13,"column":0},"end":{"line":13,"column":16}},"10":{"start":{"line":14,"column":0},"end":{"line":14,"column":24}},"11":{"start":{"line":15,"column":0},"end":{"line":15,"column":24}},"12":{"start":{"line":16,"column":0},"end":{"line":16,"column":22}},"13":{"start":{"line":18,"column":14},"end":{"line":28,"column":2}},"14":{"start":{"line":18,"column":25},"end":{"line":28,"column":2}},"15":{"start":{"line":19,"column":2},"end":{"line":27,"column":null}},"16":{"start":{"line":20,"column":4},"end":{"line":20,"column":35}},"17":{"start":{"line":21,"column":4},"end":{"line":21,"column":27}},"18":{"start":{"line":22,"column":4},"end":{"line":24,"column":6}},"19":{"start":{"line":23,"column":6},"end":{"line":23,"column":80}},"20":{"start":{"line":26,"column":4},"end":{"line":26,"column":31}},"21":{"start":{"line":30,"column":0},"end":{"line":30,"column":8}}},"fnMap":{"0":{"name":"(anonymous_8)","decl":{"start":{"line":18,"column":14},"end":{"line":18,"column":23}},"loc":{"start":{"line":18,"column":25},"end":{"line":28,"column":2}}},"1":{"name":"(anonymous_9)","decl":{"start":{"line":18,"column":25},"end":{"line":18,"column":null}},"loc":{"start":{"line":18,"column":25},"end":{"line":28,"column":1}}},"2":{"name":"(anonymous_10)","decl":{"start":{"line":22,"column":21},"end":{"line":22,"column":24}},"loc":{"start":{"line":23,"column":6},"end":{"line":23,"column":80}}}},"branchMap":{"0":{"loc":{"start":{"line":11,"column":13},"end":{"line":11,"column":37}},"type":"binary-expr","locations":[{"start":{"line":11,"column":13},"end":{"line":11,"column":29}},{"start":{"line":11,"column":33},"end":{"line":11,"column":37}}]}},"s":{"0":2,"1":2,"2":2,"3":2,"4":2,"5":2,"6":2,"7":2,"8":2,"9":2,"10":2,"11":2,"12":2,"13":2,"14":2,"15":2,"16":2,"17":0,"18":0,"19":0,"20":1,"21":2},"f":{"0":2,"1":2,"2":0},"b":{"0":[2,0]}}
,"/home/NIX/drobot-n/Dev/BACKEND/MyShop/server/Routers/brandRouter.ts": {"path":"/home/NIX/drobot-n/Dev/BACKEND/MyShop/server/Routers/brandRouter.ts","statementMap":{"0":{"start":{"line":1,"column":0},"end":{"line":1,"column":30}},"1":{"start":{"line":2,"column":0},"end":{"line":2,"column":60}},"2":{"start":{"line":4,"column":15},"end":{"line":4,"column":31}},"3":{"start":{"line":6,"column":0},"end":{"line":6,"column":41}},"4":{"start":{"line":7,"column":0},"end":{"line":7,"column":40}},"5":{"start":{"line":8,"column":0},"end":{"line":8,"column":46}},"6":{"start":{"line":10,"column":0},"end":{"line":10,"column":22}}},"fnMap":{},"branchMap":{},"s":{"0":2,"1":2,"2":2,"3":2,"4":2,"5":2,"6":2},"f":{},"b":{}}
,"/home/NIX/drobot-n/Dev/BACKEND/MyShop/server/Routers/deviceRouter.ts": {"path":"/home/NIX/drobot-n/Dev/BACKEND/MyShop/server/Routers/deviceRouter.ts","statementMap":{"0":{"start":{"line":1,"column":0},"end":{"line":1,"column":30}},"1":{"start":{"line":2,"column":0},"end":{"line":2,"column":62}},"2":{"start":{"line":4,"column":15},"end":{"line":4,"column":31}},"3":{"start":{"line":6,"column":0},"end":{"line":6,"column":42}},"4":{"start":{"line":7,"column":0},"end":{"line":7,"column":41}},"5":{"start":{"line":8,"column":0},"end":{"line":8,"column":44}},"6":{"start":{"line":9,"column":0},"end":{"line":9,"column":47}},"7":{"start":{"line":11,"column":0},"end":{"line":11,"column":22}}},"fnMap":{},"branchMap":{},"s":{"0":2,"1":2,"2":2,"3":2,"4":2,"5":2,"6":2,"7":2},"f":{},"b":{}}
,"/home/NIX/drobot-n/Dev/BACKEND/MyShop/server/Routers/index.ts": {"path":"/home/NIX/drobot-n/Dev/BACKEND/MyShop/server/Routers/index.ts","statementMap":{"0":{"start":{"line":1,"column":0},"end":{"line":1,"column":30}},"1":{"start":{"line":2,"column":0},"end":{"line":2,"column":39}},"2":{"start":{"line":3,"column":0},"end":{"line":3,"column":42}},"3":{"start":{"line":4,"column":0},"end":{"line":4,"column":40}},"4":{"start":{"line":5,"column":0},"end":{"line":5,"column":38}},"5":{"start":{"line":7,"column":15},"end":{"line":7,"column":31}},"6":{"start":{"line":9,"column":0},"end":{"line":9,"column":32}},"7":{"start":{"line":10,"column":0},"end":{"line":10,"column":36}},"8":{"start":{"line":11,"column":0},"end":{"line":11,"column":34}},"9":{"start":{"line":12,"column":0},"end":{"line":12,"column":32}},"10":{"start":{"line":14,"column":0},"end":{"line":14,"column":22}}},"fnMap":{},"branchMap":{},"s":{"0":2,"1":2,"2":2,"3":2,"4":2,"5":2,"6":2,"7":2,"8":2,"9":2,"10":2},"f":{},"b":{}}
,"/home/NIX/drobot-n/Dev/BACKEND/MyShop/server/Routers/typeRouter.ts": {"path":"/home/NIX/drobot-n/Dev/BACKEND/MyShop/server/Routers/typeRouter.ts","statementMap":{"0":{"start":{"line":1,"column":0},"end":{"line":1,"column":30}},"1":{"start":{"line":2,"column":0},"end":{"line":2,"column":58}},"2":{"start":{"line":3,"column":0},"end":{"line":3,"column":51}},"3":{"start":{"line":4,"column":0},"end":{"line":4,"column":58}},"4":{"start":{"line":6,"column":15},"end":{"line":6,"column":31}},"5":{"start":{"line":8,"column":0},"end":{"line":8,"column":65}},"6":{"start":{"line":9,"column":0},"end":{"line":9,"column":39}},"7":{"start":{"line":10,"column":0},"end":{"line":10,"column":42}},"8":{"start":{"line":12,"column":0},"end":{"line":12,"column":22}}},"fnMap":{},"branchMap":{},"s":{"0":2,"1":2,"2":2,"3":2,"4":2,"5":2,"6":2,"7":2,"8":2},"f":{},"b":{}}
,"/home/NIX/drobot-n/Dev/BACKEND/MyShop/server/Routers/userRouters.ts": {"path":"/home/NIX/drobot-n/Dev/BACKEND/MyShop/server/Routers/userRouters.ts","statementMap":{"0":{"start":{"line":1,"column":0},"end":{"line":1,"column":30}},"1":{"start":{"line":2,"column":0},"end":{"line":2,"column":58}},"2":{"start":{"line":4,"column":15},"end":{"line":4,"column":31}},"3":{"start":{"line":6,"column":0},"end":{"line":6,"column":50}},"4":{"start":{"line":7,"column":0},"end":{"line":7,"column":43}},"5":{"start":{"line":8,"column":0},"end":{"line":8,"column":42}},"6":{"start":{"line":10,"column":0},"end":{"line":10,"column":22}}},"fnMap":{},"branchMap":{},"s":{"0":2,"1":2,"2":2,"3":2,"4":2,"5":2,"6":2},"f":{},"b":{}}
,"/home/NIX/drobot-n/Dev/BACKEND/MyShop/server/controller/brandController.ts": {"path":"/home/NIX/drobot-n/Dev/BACKEND/MyShop/server/controller/brandController.ts","statementMap":{"0":{"start":{"line":3,"column":4},"end":{"line":3,"column":33}},"1":{"start":{"line":6,"column":4},"end":{"line":6,"column":51}},"2":{"start":{"line":9,"column":4},"end":{"line":9,"column":33}},"3":{"start":{"line":13,"column":0},"end":{"line":13,"column":37}}},"fnMap":{"0":{"name":"(anonymous_7)","decl":{"start":{"line":2,"column":8},"end":{"line":2,"column":14}},"loc":{"start":{"line":2,"column":23},"end":{"line":4,"column":null}}},"1":{"name":"(anonymous_9)","decl":{"start":{"line":5,"column":8},"end":{"line":5,"column":14}},"loc":{"start":{"line":5,"column":23},"end":{"line":7,"column":null}}},"2":{"name":"(anonymous_11)","decl":{"start":{"line":8,"column":8},"end":{"line":8,"column":14}},"loc":{"start":{"line":8,"column":23},"end":{"line":10,"column":null}}}},"branchMap":{},"s":{"0":0,"1":1,"2":0,"3":2},"f":{"0":0,"1":1,"2":0},"b":{}}
,"/home/NIX/drobot-n/Dev/BACKEND/MyShop/server/controller/deviceController.ts": {"path":"/home/NIX/drobot-n/Dev/BACKEND/MyShop/server/controller/deviceController.ts","statementMap":{"0":{"start":{"line":1,"column":0},"end":{"line":1,"column":42}},"1":{"start":{"line":5,"column":4},"end":{"line":5,"column":43}},"2":{"start":{"line":8,"column":4},"end":{"line":16,"column":null}},"3":{"start":{"line":9,"column":21},"end":{"line":9,"column":36}},"4":{"start":{"line":10,"column":6},"end":{"line":12,"column":null}},"5":{"start":{"line":11,"column":8},"end":{"line":11,"column":60}},"6":{"start":{"line":13,"column":6},"end":{"line":13,"column":19}},"7":{"start":{"line":15,"column":6},"end":{"line":15,"column":25}},"8":{"start":{"line":19,"column":16},"end":{"line":19,"column":26}},"9":{"start":{"line":20,"column":4},"end":{"line":20,"column":18}},"10":{"start":{"line":23,"column":4},"end":{"line":23,"column":43}},"11":{"start":{"line":27,"column":0},"end":{"line":27,"column":38}}},"fnMap":{"0":{"name":"(anonymous_8)","decl":{"start":{"line":4,"column":8},"end":{"line":4,"column":14}},"loc":{"start":{"line":4,"column":23},"end":{"line":6,"column":null}}},"1":{"name":"(anonymous_10)","decl":{"start":{"line":7,"column":8},"end":{"line":7,"column":14}},"loc":{"start":{"line":7,"column":29},"end":{"line":17,"column":null}}},"2":{"name":"(anonymous_12)","decl":{"start":{"line":18,"column":8},"end":{"line":18,"column":14}},"loc":{"start":{"line":18,"column":23},"end":{"line":21,"column":null}}},"3":{"name":"(anonymous_14)","decl":{"start":{"line":22,"column":8},"end":{"line":22,"column":14}},"loc":{"start":{"line":22,"column":23},"end":{"line":24,"column":null}}}},"branchMap":{"0":{"loc":{"start":{"line":10,"column":6},"end":{"line":12,"column":null}},"type":"if","locations":[{"start":{"line":10,"column":6},"end":{"line":12,"column":null}}]}},"s":{"0":2,"1":0,"2":0,"3":0,"4":0,"5":0,"6":0,"7":0,"8":0,"9":0,"10":0,"11":2},"f":{"0":0,"1":0,"2":0,"3":0},"b":{"0":[0]}}
,"/home/NIX/drobot-n/Dev/BACKEND/MyShop/server/controller/typeController.ts": {"path":"/home/NIX/drobot-n/Dev/BACKEND/MyShop/server/controller/typeController.ts","statementMap":{"0":{"start":{"line":1,"column":0},"end":{"line":1,"column":42}},"1":{"start":{"line":2,"column":0},"end":{"line":2,"column":36}},"2":{"start":{"line":6,"column":4},"end":{"line":12,"column":null}},"3":{"start":{"line":7,"column":23},"end":{"line":7,"column":31}},"4":{"start":{"line":8,"column":19},"end":{"line":8,"column":52}},"5":{"start":{"line":9,"column":6},"end":{"line":9,"column":40}},"6":{"start":{"line":11,"column":6},"end":{"line":11,"column":47}},"7":{"start":{"line":13,"column":4},"end":{"line":13,"column":40}},"8":{"start":{"line":16,"column":4},"end":{"line":16,"column":40}},"9":{"start":{"line":19,"column":4},"end":{"line":19,"column":40}},"10":{"start":{"line":23,"column":0},"end":{"line":23,"column":36}}},"fnMap":{"0":{"name":"(anonymous_8)","decl":{"start":{"line":5,"column":8},"end":{"line":5,"column":14}},"loc":{"start":{"line":5,"column":29},"end":{"line":14,"column":null}}},"1":{"name":"(anonymous_10)","decl":{"start":{"line":15,"column":8},"end":{"line":15,"column":14}},"loc":{"start":{"line":15,"column":23},"end":{"line":17,"column":null}}},"2":{"name":"(anonymous_12)","decl":{"start":{"line":18,"column":8},"end":{"line":18,"column":14}},"loc":{"start":{"line":18,"column":23},"end":{"line":20,"column":null}}}},"branchMap":{},"s":{"0":2,"1":2,"2":1,"3":1,"4":1,"5":0,"6":1,"7":1,"8":0,"9":0,"10":2},"f":{"0":1,"1":0,"2":0},"b":{}}
,"/home/NIX/drobot-n/Dev/BACKEND/MyShop/server/controller/userController.ts": {"path":"/home/NIX/drobot-n/Dev/BACKEND/MyShop/server/controller/userController.ts","statementMap":{"0":{"start":{"line":3,"column":4},"end":{"line":3,"column":32}},"1":{"start":{"line":6,"column":4},"end":{"line":6,"column":32}},"2":{"start":{"line":9,"column":4},"end":{"line":9,"column":32}},"3":{"start":{"line":13,"column":0},"end":{"line":13,"column":36}}},"fnMap":{"0":{"name":"(anonymous_7)","decl":{"start":{"line":2,"column":8},"end":{"line":2,"column":16}},"loc":{"start":{"line":2,"column":25},"end":{"line":4,"column":null}}},"1":{"name":"(anonymous_9)","decl":{"start":{"line":5,"column":8},"end":{"line":5,"column":13}},"loc":{"start":{"line":5,"column":22},"end":{"line":7,"column":null}}},"2":{"name":"(anonymous_11)","decl":{"start":{"line":8,"column":8},"end":{"line":8,"column":13}},"loc":{"start":{"line":8,"column":22},"end":{"line":10,"column":null}}}},"branchMap":{},"s":{"0":0,"1":0,"2":0,"3":2},"f":{"0":0,"1":0,"2":0},"b":{}}
,"/home/NIX/drobot-n/Dev/BACKEND/MyShop/server/errors/apiError.ts": {"path":"/home/NIX/drobot-n/Dev/BACKEND/MyShop/server/errors/apiError.ts","statementMap":{"0":{"start":{"line":5,"column":4},"end":{"line":5,"column":12}},"1":{"start":{"line":6,"column":4},"end":{"line":6,"column":25}},"2":{"start":{"line":7,"column":4},"end":{"line":7,"column":27}},"3":{"start":{"line":11,"column":4},"end":{"line":11,"column":38}},"4":{"start":{"line":15,"column":4},"end":{"line":15,"column":38}},"5":{"start":{"line":19,"column":4},"end":{"line":19,"column":38}},"6":{"start":{"line":23,"column":4},"end":{"line":23,"column":38}},"7":{"start":{"line":27,"column":0},"end":{"line":27,"column":24}}},"fnMap":{"0":{"name":"(anonymous_0)","decl":{"start":{"line":4,"column":2},"end":{"line":4,"column":14}},"loc":{"start":{"line":4,"column":29},"end":{"line":8,"column":3}}},"1":{"name":"(anonymous_1)","decl":{"start":{"line":10,"column":2},"end":{"line":10,"column":8}},"loc":{"start":{"line":10,"column":27},"end":{"line":12,"column":3}}},"2":{"name":"(anonymous_2)","decl":{"start":{"line":14,"column":2},"end":{"line":14,"column":8}},"loc":{"start":{"line":14,"column":26},"end":{"line":16,"column":3}}},"3":{"name":"(anonymous_3)","decl":{"start":{"line":18,"column":2},"end":{"line":18,"column":8}},"loc":{"start":{"line":18,"column":29},"end":{"line":20,"column":3}}},"4":{"name":"(anonymous_4)","decl":{"start":{"line":22,"column":2},"end":{"line":22,"column":8}},"loc":{"start":{"line":22,"column":25},"end":{"line":24,"column":3}}}},"branchMap":{},"s":{"0":1,"1":1,"2":1,"3":1,"4":0,"5":0,"6":0,"7":2},"f":{"0":1,"1":1,"2":0,"3":0,"4":0},"b":{}}
,"/home/NIX/drobot-n/Dev/BACKEND/MyShop/server/models/model.ts": {"path":"/home/NIX/drobot-n/Dev/BACKEND/MyShop/server/models/model.ts","statementMap":{"0":{"start":{"line":1,"column":0},"end":{"line":1,"column":30}},"1":{"start":{"line":2,"column":0},"end":{"line":2,"column":38}},"2":{"start":{"line":4,"column":13},"end":{"line":9,"column":2}},"3":{"start":{"line":11,"column":15},"end":{"line":13,"column":2}},"4":{"start":{"line":15,"column":21},"end":{"line":17,"column":2}},"5":{"start":{"line":19,"column":15},"end":{"line":25,"column":2}},"6":{"start":{"line":27,"column":13},"end":{"line":30,"column":2}},"7":{"start":{"line":32,"column":14},"end":{"line":35,"column":2}},"8":{"start":{"line":37,"column":15},"end":{"line":40,"column":2}},"9":{"start":{"line":42,"column":19},"end":{"line":46,"column":2}},"10":{"start":{"line":48,"column":18},"end":{"line":50,"column":2}},"11":{"start":{"line":52,"column":0},"end":{"line":52,"column":20}},"12":{"start":{"line":53,"column":0},"end":{"line":53,"column":23}},"13":{"start":{"line":55,"column":0},"end":{"line":55,"column":21}},"14":{"start":{"line":56,"column":0},"end":{"line":56,"column":23}},"15":{"start":{"line":58,"column":0},"end":{"line":58,"column":29}},"16":{"start":{"line":59,"column":0},"end":{"line":59,"column":31}},"17":{"start":{"line":61,"column":0},"end":{"line":61,"column":21}},"18":{"start":{"line":62,"column":0},"end":{"line":62,"column":23}},"19":{"start":{"line":64,"column":0},"end":{"line":64,"column":22}},"20":{"start":{"line":65,"column":0},"end":{"line":65,"column":24}},"21":{"start":{"line":67,"column":0},"end":{"line":67,"column":23}},"22":{"start":{"line":68,"column":0},"end":{"line":68,"column":25}},"23":{"start":{"line":70,"column":0},"end":{"line":70,"column":29}},"24":{"start":{"line":71,"column":0},"end":{"line":71,"column":31}},"25":{"start":{"line":73,"column":0},"end":{"line":73,"column":43}},"26":{"start":{"line":74,"column":0},"end":{"line":74,"column":29}},"27":{"start":{"line":76,"column":0},"end":{"line":76,"column":50}},"28":{"start":{"line":77,"column":0},"end":{"line":77,"column":50}},"29":{"start":{"line":79,"column":0},"end":{"line":89,"column":2}}},"fnMap":{},"branchMap":{},"s":{"0":2,"1":2,"2":2,"3":2,"4":2,"5":2,"6":2,"7":2,"8":2,"9":2,"10":2,"11":2,"12":2,"13":2,"14":2,"15":2,"16":2,"17":2,"18":2,"19":2,"20":2,"21":2,"22":2,"23":2,"24":2,"25":2,"26":2,"27":2,"28":2,"29":2},"f":{},"b":{}}
,"/home/NIX/drobot-n/Dev/BACKEND/MyShop/server/schemas/typeSchema.ts": {"path":"/home/NIX/drobot-n/Dev/BACKEND/MyShop/server/schemas/typeSchema.ts","statementMap":{"0":{"start":{"line":1,"column":13},"end":{"line":8,"column":2}}},"fnMap":{},"branchMap":{},"s":{"0":2},"f":{},"b":{}}
,"/home/NIX/drobot-n/Dev/BACKEND/MyShop/server/utils/middleware/errorHandling.ts": {"path":"/home/NIX/drobot-n/Dev/BACKEND/MyShop/server/utils/middleware/errorHandling.ts","statementMap":{"0":{"start":{"line":1,"column":0},"end":{"line":1,"column":45}},"1":{"start":{"line":3,"column":28},"end":{"line":9,"column":1}},"2":{"start":{"line":4,"column":2},"end":{"line":6,"column":null}},"3":{"start":{"line":5,"column":4},"end":{"line":5,"column":65}},"4":{"start":{"line":8,"column":2},"end":{"line":8,"column":70}},"5":{"start":{"line":3,"column":13},"end":{"line":3,"column":28}}},"fnMap":{"0":{"name":"(anonymous_1)","decl":{"start":{"line":3,"column":28},"end":{"line":3,"column":38}},"loc":{"start":{"line":3,"column":57},"end":{"line":9,"column":1}}}},"branchMap":{"0":{"loc":{"start":{"line":4,"column":2},"end":{"line":6,"column":null}},"type":"if","locations":[{"start":{"line":4,"column":2},"end":{"line":6,"column":null}}]}},"s":{"0":2,"1":2,"2":1,"3":0,"4":1,"5":2},"f":{"0":1},"b":{"0":[0]}}
,"/home/NIX/drobot-n/Dev/BACKEND/MyShop/server/utils/middleware/validator.ts": {"path":"/home/NIX/drobot-n/Dev/BACKEND/MyShop/server/utils/middleware/validator.ts","statementMap":{"0":{"start":{"line":1,"column":0},"end":{"line":1,"column":22}},"1":{"start":{"line":2,"column":0},"end":{"line":2,"column":45}},"2":{"start":{"line":4,"column":25},"end":{"line":13,"column":1}},"3":{"start":{"line":4,"column":37},"end":{"line":13,"column":1}},"4":{"start":{"line":5,"column":14},"end":{"line":5,"column":42}},"5":{"start":{"line":6,"column":15},"end":{"line":6,"column":23}},"6":{"start":{"line":7,"column":19},"end":{"line":7,"column":38}},"7":{"start":{"line":8,"column":16},"end":{"line":8,"column":30}},"8":{"start":{"line":9,"column":2},"end":{"line":11,"column":null}},"9":{"start":{"line":10,"column":4},"end":{"line":10,"column":18}},"10":{"start":{"line":12,"column":2},"end":{"line":12,"column":56}},"11":{"start":{"line":4,"column":13},"end":{"line":4,"column":25}}},"fnMap":{"0":{"name":"(anonymous_1)","decl":{"start":{"line":4,"column":25},"end":{"line":4,"column":26}},"loc":{"start":{"line":4,"column":37},"end":{"line":13,"column":1}}},"1":{"name":"(anonymous_2)","decl":{"start":{"line":4,"column":37},"end":{"line":4,"column":38}},"loc":{"start":{"line":4,"column":56},"end":{"line":13,"column":1}}}},"branchMap":{"0":{"loc":{"start":{"line":9,"column":2},"end":{"line":11,"column":null}},"type":"if","locations":[{"start":{"line":9,"column":2},"end":{"line":11,"column":null}}]}},"s":{"0":2,"1":2,"2":2,"3":2,"4":1,"5":1,"6":1,"7":1,"8":1,"9":1,"10":0,"11":2},"f":{"0":2,"1":1},"b":{"0":[1]}}
}
