TN:
SF:db.ts
FNF:0
FNH:0
DA:1,1
DA:3,1
DA:9,1
LF:3
LH:3
BRF:0
BRH:0
end_of_record
TN:
SF:index.ts
FN:18,(anonymous_8)
FN:18,(anonymous_9)
FN:22,(anonymous_10)
FNF:3
FNH:2
FNDA:1,(anonymous_8)
FNDA:1,(anonymous_9)
FNDA:0,(anonymous_10)
DA:1,1
DA:2,1
DA:3,1
DA:4,1
DA:6,1
DA:7,1
DA:9,1
DA:11,1
DA:12,1
DA:13,1
DA:14,1
DA:15,1
DA:16,1
DA:18,1
DA:19,1
DA:20,1
DA:21,0
DA:22,0
DA:23,0
DA:26,0
DA:30,1
LF:21
LH:17
BRDA:11,0,0,1
BRDA:11,0,1,0
BRF:2
BRH:1
end_of_record
TN:
SF:Routers/brandRouter.ts
FNF:0
FNH:0
DA:1,1
DA:2,1
DA:4,1
DA:6,1
DA:7,1
DA:8,1
DA:10,1
LF:7
LH:7
BRF:0
BRH:0
end_of_record
TN:
SF:Routers/deviceRouter.ts
FNF:0
FNH:0
DA:1,1
DA:2,1
DA:4,1
DA:6,1
DA:7,1
DA:8,1
DA:9,1
DA:11,1
LF:8
LH:8
BRF:0
BRH:0
end_of_record
TN:
SF:Routers/index.ts
FNF:0
FNH:0
DA:1,1
DA:2,1
DA:3,1
DA:4,1
DA:5,1
DA:7,1
DA:9,1
DA:10,1
DA:11,1
DA:12,1
DA:14,1
LF:11
LH:11
BRF:0
BRH:0
end_of_record
TN:
SF:Routers/typeRouter.ts
FNF:0
FNH:0
DA:1,1
DA:2,1
DA:3,1
DA:4,1
DA:6,1
DA:8,1
DA:9,1
DA:10,1
DA:12,1
LF:9
LH:9
BRF:0
BRH:0
end_of_record
TN:
SF:Routers/userRouters.ts
FNF:0
FNH:0
DA:1,1
DA:2,1
DA:4,1
DA:6,1
DA:7,1
DA:8,1
DA:10,1
LF:7
LH:7
BRF:0
BRH:0
end_of_record
TN:
SF:controller/brandController.ts
FN:2,(anonymous_7)
FN:5,(anonymous_9)
FN:8,(anonymous_11)
FNF:3
FNH:1
FNDA:0,(anonymous_7)
FNDA:1,(anonymous_9)
FNDA:0,(anonymous_11)
DA:3,0
DA:6,1
DA:9,0
DA:13,1
LF:4
LH:2
BRF:0
BRH:0
end_of_record
TN:
SF:controller/deviceController.ts
FN:4,(anonymous_8)
FN:7,(anonymous_10)
FN:18,(anonymous_12)
FN:22,(anonymous_14)
FNF:4
FNH:0
FNDA:0,(anonymous_8)
FNDA:0,(anonymous_10)
FNDA:0,(anonymous_12)
FNDA:0,(anonymous_14)
DA:1,1
DA:5,0
DA:8,0
DA:9,0
DA:10,0
DA:11,0
DA:13,0
DA:15,0
DA:19,0
DA:20,0
DA:23,0
DA:27,1
LF:12
LH:2
BRDA:10,0,0,0
BRF:1
BRH:0
end_of_record
TN:
SF:controller/typeController.ts
FN:5,(anonymous_8)
FN:15,(anonymous_10)
FN:18,(anonymous_12)
FNF:3
FNH:0
FNDA:0,(anonymous_8)
FNDA:0,(anonymous_10)
FNDA:0,(anonymous_12)
DA:1,1
DA:2,1
DA:6,0
DA:7,0
DA:8,0
DA:9,0
DA:11,0
DA:13,0
DA:16,0
DA:19,0
DA:23,1
LF:11
LH:3
BRF:0
BRH:0
end_of_record
TN:
SF:controller/userController.ts
FN:2,(anonymous_7)
FN:5,(anonymous_9)
FN:8,(anonymous_11)
FNF:3
FNH:0
FNDA:0,(anonymous_7)
FNDA:0,(anonymous_9)
FNDA:0,(anonymous_11)
DA:3,0
DA:6,0
DA:9,0
DA:13,1
LF:4
LH:1
BRF:0
BRH:0
end_of_record
TN:
SF:errors/apiError.ts
FN:4,(anonymous_0)
FN:10,(anonymous_1)
FN:14,(anonymous_2)
FN:18,(anonymous_3)
FN:22,(anonymous_4)
FNF:5
FNH:0
FNDA:0,(anonymous_0)
FNDA:0,(anonymous_1)
FNDA:0,(anonymous_2)
FNDA:0,(anonymous_3)
FNDA:0,(anonymous_4)
DA:5,0
DA:6,0
DA:7,0
DA:11,0
DA:15,0
DA:19,0
DA:23,0
DA:27,1
LF:8
LH:1
BRF:0
BRH:0
end_of_record
TN:
SF:models/model.ts
FNF:0
FNH:0
DA:1,1
DA:2,1
DA:4,1
DA:11,1
DA:15,1
DA:19,1
DA:27,1
DA:32,1
DA:37,1
DA:42,1
DA:48,1
DA:52,1
DA:53,1
DA:55,1
DA:56,1
DA:58,1
DA:59,1
DA:61,1
DA:62,1
DA:64,1
DA:65,1
DA:67,1
DA:68,1
DA:70,1
DA:71,1
DA:73,1
DA:74,1
DA:76,1
DA:77,1
DA:79,1
LF:30
LH:30
BRF:0
BRH:0
end_of_record
TN:
SF:schemas/typeSchema.ts
FNF:0
FNH:0
DA:1,1
LF:1
LH:1
BRF:0
BRH:0
end_of_record
TN:
SF:utils/isNumber.ts
FN:1,(anonymous_0)
FNF:1
FNH:1
FNDA:9,(anonymous_0)
DA:1,1
DA:2,9
LF:2
LH:2
BRDA:2,0,0,9
BRDA:2,0,1,6
BRF:2
BRH:2
end_of_record
TN:
SF:utils/middleware/errorHandling.ts
FN:3,(anonymous_1)
FNF:1
FNH:0
FNDA:0,(anonymous_1)
DA:1,1
DA:3,1
DA:4,0
DA:5,0
DA:8,0
LF:5
LH:2
BRDA:4,0,0,0
BRF:1
BRH:0
end_of_record
TN:
SF:utils/middleware/validator.ts
FN:4,(anonymous_1)
FN:4,(anonymous_2)
FNF:2
FNH:1
FNDA:1,(anonymous_1)
FNDA:0,(anonymous_2)
DA:1,1
DA:2,1
DA:4,1
DA:5,0
DA:6,0
DA:7,0
DA:8,0
DA:9,0
DA:10,0
DA:12,0
LF:10
LH:3
BRDA:9,0,0,0
BRF:1
BRH:0
end_of_record
